chatchat/proguard/seeds.txt
com.google.android.gms.drive.events.ChangesAvailableOptions
com.google.android.gms.drive.events.ChangesAvailableOptions: android.os.Parcelable$Creator CREATOR
com.google.android.gms.drive.events.CompletionEvent
com.google.android.gms.drive.events.CompletionEvent: android.os.Parcelable$Creator CREATOR
com.google.android.gms.drive.events.DriveEvent
com.google.android.gms.drive.events.ProgressEvent
com.google.android.gms.drive.events.ProgressEvent: android.os.Parcelable$Creator CREATOR
com.google.android.gms.drive.events.QueryResultEventParcelable
com.google.android.gms.drive.events.ResourceEvent
com.google.android.gms.drive.internal.AddEventListenerRequest
com.google.android.gms.drive.internal.AddEventListenerRequest: android.os.Parcelable$Creator CREATOR
com.google.android.gms.drive.internal.AddPermissionRequest
com.google.android.gms.drive.internal.AddPermissionRequest: android.os.Parcelable$Creator CREATOR
com.google.android.gms.drive.internal.AuthorizeAccessRequest
com.google.android.gms.drive.internal.AuthorizeAccessRequest: android.os.Parcelable$Creator CREATOR
com.google.android.gms.drive.internal.CancelPendingActionsRequest
com.google.android.gms.drive.internal.CancelPendingActionsRequest: android.os.Parcelable$Creator CREATOR
com.google.android.gms.drive.internal.CheckResourceIdsExistRequest
com.google.android.gms.drive.internal.CheckResourceIdsExistRequest: android.os.Parcelable$Creator CREATOR
com.google.android.gms.drive.internal.CloseContentsAndUpdateMetadataRequest
com.google.android.gms.drive.internal.CloseContentsAndUpdateMetadataRequest: android.os.Parcelable$Creator CREATOR
com.google.android.gms.drive.internal.CloseContentsRequest
com.google.android.gms.drive.internal.CloseContentsRequest: android.os.Parcelable$Creator CREATOR
com.google.android.gms.drive.internal.CreateContentsRequest
com.google.android.gms.drive.internal.CreateContentsRequest: android.os.Parcelable$Creator CREATOR
com.google.android.gms.drive.internal.CreateFileIntentSenderRequest
com.google.android.gms.drive.internal.CreateFileIntentSenderRequest: android.os.Parcelable$Creator CREATOR
com.google.android.gms.drive.internal.CreateFileRequest
com.google.android.gms.drive.internal.CreateFileRequest: android.os.Parcelable$Creator CREATOR
com.google.android.gms.drive.internal.CreateFolderRequest
com.google.android.gms.drive.internal.CreateFolderRequest: android.os.Parcelable$Creator CREATOR
com.google.android.gms.drive.internal.DeleteResourceRequest
com.google.android.gms.drive.internal.DeleteResourceRequest: android.os.Parcelable$Creator CREATOR
com.google.android.gms.drive.internal.DisconnectRequest
com.google.android.gms.drive.internal.DisconnectRequest: android.os.Parcelable$Creator CREATOR
com.google.android.gms.drive.internal.DriveServiceResponse
com.google.android.gms.drive.internal.DriveServiceResponse: android.os.Parcelable$Creator CREATOR
com.google.android.gms.drive.internal.FetchThumbnailRequest
com.google.android.gms.drive.internal.FetchThumbnailRequest: android.os.Parcelable$Creator CREATOR
com.google.android.gms.drive.internal.FileUploadPreferencesImpl
com.google.android.gms.drive.internal.FileUploadPreferencesImpl: android.os.Parcelable$Creator CREATOR
com.google.android.gms.drive.internal.GetChangesRequest
com.google.android.gms.drive.internal.GetChangesRequest: android.os.Parcelable$Creator CREATOR
com.google.android.gms.drive.internal.GetDriveIdFromUniqueIdentifierRequest
com.google.android.gms.drive.internal.GetDriveIdFromUniqueIdentifierRequest: android.os.Parcelable$Creator CREATOR
com.google.android.gms.drive.internal.GetMetadataRequest
com.google.android.gms.drive.internal.GetMetadataRequest: android.os.Parcelable$Creator CREATOR
com.google.android.gms.drive.internal.GetPermissionsRequest
com.google.android.gms.drive.internal.GetPermissionsRequest: android.os.Parcelable$Creator CREATOR