chatchat/proguard/mapping.txt
com.google.android.gms.fitness.request.zzw -> com.google.android.gms.fitness.request.ac:
    com.google.android.gms.fitness.request.SessionRegistrationRequest zzcV(android.os.Parcel) -> a
    com.google.android.gms.fitness.request.SessionRegistrationRequest[] zzeQ(int) -> a
    void zza(com.google.android.gms.fitness.request.SessionRegistrationRequest,android.os.Parcel,int) -> a
    java.lang.Object[] newArray(int) -> newArray
    java.lang.Object createFromParcel(android.os.Parcel) -> createFromParcel
com.google.android.gms.fitness.request.zzx -> com.google.android.gms.fitness.request.ad:
    com.google.android.gms.fitness.request.SessionStartRequest zzcW(android.os.Parcel) -> a
    com.google.android.gms.fitness.request.SessionStartRequest[] zzeR(int) -> a
    void zza(com.google.android.gms.fitness.request.SessionStartRequest,android.os.Parcel,int) -> a
    java.lang.Object[] newArray(int) -> newArray
    java.lang.Object createFromParcel(android.os.Parcel) -> createFromParcel
com.google.android.gms.fitness.request.zzy -> com.google.android.gms.fitness.request.ae:
    com.google.android.gms.fitness.request.SessionStopRequest zzcX(android.os.Parcel) -> a
    com.google.android.gms.fitness.request.SessionStopRequest[] zzeS(int) -> a
    void zza(com.google.android.gms.fitness.request.SessionStopRequest,android.os.Parcel,int) -> a
    java.lang.Object[] newArray(int) -> newArray
    java.lang.Object createFromParcel(android.os.Parcel) -> createFromParcel
com.google.android.gms.fitness.request.zzz -> com.google.android.gms.fitness.request.af:
    com.google.android.gms.fitness.request.SessionUnregistrationRequest zzcY(android.os.Parcel) -> a
    com.google.android.gms.fitness.request.SessionUnregistrationRequest[] zzeT(int) -> a
    void zza(com.google.android.gms.fitness.request.SessionUnregistrationRequest,android.os.Parcel,int) -> a
    java.lang.Object[] newArray(int) -> newArray
    java.lang.Object createFromParcel(android.os.Parcel) -> createFromParcel
com.google.android.gms.fitness.result.BleDevicesResult -> com.google.android.gms.fitness.result.BleDevicesResult:
    int zzCY -> a
    java.util.List zzamO -> b
    com.google.android.gms.common.api.Status zzOt -> c
    android.os.Parcelable$Creator CREATOR -> CREATOR
    java.util.List getClaimedBleDevices() -> a
    com.google.android.gms.common.api.Status getStatus() -> b
    boolean equals(java.lang.Object) -> equals
    boolean zzb(com.google.android.gms.fitness.result.BleDevicesResult) -> a
    int hashCode() -> hashCode
    java.lang.String toString() -> toString
    int getVersionCode() -> c
    int describeContents() -> describeContents
    void writeToParcel(android.os.Parcel,int) -> writeToParcel
com.google.android.gms.fitness.result.DailyTotalResult -> com.google.android.gms.fitness.result.DailyTotalResult:
    int zzCY -> a
    com.google.android.gms.common.api.Status zzOt -> b
    com.google.android.gms.fitness.data.DataSet zzakO -> c
    android.os.Parcelable$Creator CREATOR -> CREATOR
    com.google.android.gms.fitness.data.DataSet getTotal() -> a
    com.google.android.gms.common.api.Status getStatus() -> b
    boolean equals(java.lang.Object) -> equals
    boolean zzb(com.google.android.gms.fitness.result.DailyTotalResult) -> a
    int hashCode() -> hashCode
    java.lang.String toString() -> toString
    int getVersionCode() -> c
    int describeContents() -> describeContents
    void writeToParcel(android.os.Parcel,int) -> writeToParcel