chatchat/proguard/usage.txt
com.google.android.gms.cast.MediaStatus
com.google.android.gms.cast.MediaStatus$zza
com.google.android.gms.cast.MediaTrack
com.google.android.gms.cast.MediaTrack$Builder
com.google.android.gms.cast.RemoteMediaPlayer
com.google.android.gms.cast.RemoteMediaPlayer$1
com.google.android.gms.cast.RemoteMediaPlayer$10
com.google.android.gms.cast.RemoteMediaPlayer$11
com.google.android.gms.cast.RemoteMediaPlayer$12
com.google.android.gms.cast.RemoteMediaPlayer$13
com.google.android.gms.cast.RemoteMediaPlayer$14
com.google.android.gms.cast.RemoteMediaPlayer$15
com.google.android.gms.cast.RemoteMediaPlayer$16
com.google.android.gms.cast.RemoteMediaPlayer$17
com.google.android.gms.cast.RemoteMediaPlayer$18
com.google.android.gms.cast.RemoteMediaPlayer$19
com.google.android.gms.cast.RemoteMediaPlayer$2
com.google.android.gms.cast.RemoteMediaPlayer$20
com.google.android.gms.cast.RemoteMediaPlayer$21
com.google.android.gms.cast.RemoteMediaPlayer$22
com.google.android.gms.cast.RemoteMediaPlayer$3
com.google.android.gms.cast.RemoteMediaPlayer$4
com.google.android.gms.cast.RemoteMediaPlayer$5
com.google.android.gms.cast.RemoteMediaPlayer$6
com.google.android.gms.cast.RemoteMediaPlayer$7
com.google.android.gms.cast.RemoteMediaPlayer$8
com.google.android.gms.cast.RemoteMediaPlayer$9
com.google.android.gms.cast.RemoteMediaPlayer$MediaChannelResult
com.google.android.gms.cast.RemoteMediaPlayer$OnMetadataUpdatedListener
com.google.android.gms.cast.RemoteMediaPlayer$OnPreloadStatusUpdatedListener
com.google.android.gms.cast.RemoteMediaPlayer$OnQueueStatusUpdatedListener
com.google.android.gms.cast.RemoteMediaPlayer$OnStatusUpdatedListener
com.google.android.gms.cast.RemoteMediaPlayer$zza
com.google.android.gms.cast.RemoteMediaPlayer$zza$zza
com.google.android.gms.cast.RemoteMediaPlayer$zzb
com.google.android.gms.cast.RemoteMediaPlayer$zzb$1
com.google.android.gms.cast.RemoteMediaPlayer$zzb$2
com.google.android.gms.cast.RemoteMediaPlayer$zzc
com.google.android.gms.cast.TextTrackStyle
com.google.android.gms.cast.games.GameManagerClient
com.google.android.gms.cast.games.GameManagerClient$GameManagerInstanceResult
com.google.android.gms.cast.games.GameManagerClient$GameManagerResult
com.google.android.gms.cast.games.GameManagerClient$Listener
com.google.android.gms.cast.games.GameManagerState
com.google.android.gms.cast.games.PlayerInfo
com.google.android.gms.cast.internal.zzb
com.google.android.gms.cast.internal.zzc
com.google.android.gms.cast.internal.zzc$1
com.google.android.gms.cast.internal.zzc$zza
com.google.android.gms.cast.internal.zzd
com.google.android.gms.cast.internal.zze
com.google.android.gms.cast.internal.zze$zza
com.google.android.gms.cast.internal.zze$zzb
com.google.android.gms.cast.internal.zze$zzb$1
com.google.android.gms.cast.internal.zze$zzb$2
com.google.android.gms.cast.internal.zze$zzb$3
com.google.android.gms.cast.internal.zze$zzb$4
com.google.android.gms.cast.internal.zzf:
    public static double zzA(long)
    public static long zze(double)
    public static void zzbD(java.lang.String)
    public static java.lang.String zzbE(java.lang.String)
    public static java.lang.String zzbF(java.lang.String)
    private static boolean zza(char)
com.google.android.gms.cast.internal.zzh
com.google.android.gms.cast.internal.zzi
com.google.android.gms.cast.internal.zzi$zza
com.google.android.gms.cast.internal.zzi$zza$zza
com.google.android.gms.cast.internal.zzj
com.google.android.gms.cast.internal.zzj$zza
com.google.android.gms.cast.internal.zzk
com.google.android.gms.cast.internal.zzl
com.google.android.gms.cast.internal.zzm
com.google.android.gms.cast.internal.zzn
com.google.android.gms.cast.internal.zzo
com.google.android.gms.cast.internal.zzp
com.google.android.gms.common.AccountPicker